-------------------------------------------------------------------------------
Test set: com.minerva.creditcard.dto.AuthorizationRequestTest
-------------------------------------------------------------------------------
Tests run: 5, Failures: 1, Errors: 0, Skipped: 0, Time elapsed: 0.057 s <<< FAILURE! -- in com.minerva.creditcard.dto.AuthorizationRequestTest
com.minerva.creditcard.dto.AuthorizationRequestTest.testValidateAndExtractLast4_withSpaces -- Time elapsed: 0.040 s <<< FAILURE!
org.opentest4j.AssertionFailedError: Expected java.lang.IllegalArgumentException to be thrown, but nothing was thrown.
	at org.junit.jupiter.api.AssertionFailureBuilder.build(AssertionFailureBuilder.java:152)
	at org.junit.jupiter.api.AssertThrows.assertThrows(AssertThrows.java:73)
	at org.junit.jupiter.api.AssertThrows.assertThrows(AssertThrows.java:35)
	at org.junit.jupiter.api.Assertions.assertThrows(Assertions.java:3115)
	at com.minerva.creditcard.dto.AuthorizationRequestTest.testValidateAndExtractLast4_withSpaces(AuthorizationRequestTest.java:51)
	at java.base/java.lang.reflect.Method.invoke(Method.java:565)
	at java.base/java.util.ArrayList.forEach(ArrayList.java:1612)
	at java.base/java.util.ArrayList.forEach(ArrayList.java:1612)

