-------------------------------------------------------------------------------
Test set: com.minerva.creditcard.service.AccountServiceTest
-------------------------------------------------------------------------------
Tests run: 9, Failures: 0, Errors: 9, Skipped: 0, Time elapsed: 0.615 s <<< FAILURE! -- in com.minerva.creditcard.service.AccountServiceTest
com.minerva.creditcard.service.AccountServiceTest.testChangeStatusToFrozen -- Time elapsed: 0.588 s <<< ERROR!
java.lang.Error: 
Unresolved compilation problem: 
	The constructor AccountService(AccountRepository, CreditLimitAdjustmentRepository, CreditEngine, CardEncryptionUtil) is undefined

	at com.minerva.creditcard.service.AccountServiceTest.setUp(AccountServiceTest.java:56)
	at java.base/java.lang.reflect.Method.invoke(Method.java:565)
	at java.base/java.util.ArrayList.forEach(ArrayList.java:1612)
	at java.base/java.util.ArrayList.forEach(ArrayList.java:1612)

com.minerva.creditcard.service.AccountServiceTest.testAdjustLimitPermanent -- Time elapsed: 0.003 s <<< ERROR!
java.lang.Error: 
Unresolved compilation problem: 
	The constructor AccountService(AccountRepository, CreditLimitAdjustmentRepository, CreditEngine, CardEncryptionUtil) is undefined

	at com.minerva.creditcard.service.AccountServiceTest.setUp(AccountServiceTest.java:56)
	at java.base/java.lang.reflect.Method.invoke(Method.java:565)
	at java.base/java.util.ArrayList.forEach(ArrayList.java:1612)
	at java.base/java.util.ArrayList.forEach(ArrayList.java:1612)

com.minerva.creditcard.service.AccountServiceTest.testCreateAccount -- Time elapsed: 0.002 s <<< ERROR!
java.lang.Error: 
Unresolved compilation problem: 
	The constructor AccountService(AccountRepository, CreditLimitAdjustmentRepository, CreditEngine, CardEncryptionUtil) is undefined

	at com.minerva.creditcard.service.AccountServiceTest.setUp(AccountServiceTest.java:56)
	at java.base/java.lang.reflect.Method.invoke(Method.java:565)
	at java.base/java.util.ArrayList.forEach(ArrayList.java:1612)
	at java.base/java.util.ArrayList.forEach(ArrayList.java:1612)

com.minerva.creditcard.service.AccountServiceTest.testGetAccount -- Time elapsed: 0.002 s <<< ERROR!
java.lang.Error: 
Unresolved compilation problem: 
	The constructor AccountService(AccountRepository, CreditLimitAdjustmentRepository, CreditEngine, CardEncryptionUtil) is undefined

	at com.minerva.creditcard.service.AccountServiceTest.setUp(AccountServiceTest.java:56)
	at java.base/java.lang.reflect.Method.invoke(Method.java:565)
	at java.base/java.util.ArrayList.forEach(ArrayList.java:1612)
	at java.base/java.util.ArrayList.forEach(ArrayList.java:1612)

com.minerva.creditcard.service.AccountServiceTest.testCloseAccountWithFrozenAmount -- Time elapsed: 0.002 s <<< ERROR!
java.lang.Error: 
Unresolved compilation problem: 
	The constructor AccountService(AccountRepository, CreditLimitAdjustmentRepository, CreditEngine, CardEncryptionUtil) is undefined

	at com.minerva.creditcard.service.AccountServiceTest.setUp(AccountServiceTest.java:56)
	at java.base/java.lang.reflect.Method.invoke(Method.java:565)
	at java.base/java.util.ArrayList.forEach(ArrayList.java:1612)
	at java.base/java.util.ArrayList.forEach(ArrayList.java:1612)

com.minerva.creditcard.service.AccountServiceTest.testAdjustLimitTemp -- Time elapsed: 0.002 s <<< ERROR!
java.lang.Error: 
Unresolved compilation problem: 
	The constructor AccountService(AccountRepository, CreditLimitAdjustmentRepository, CreditEngine, CardEncryptionUtil) is undefined

	at com.minerva.creditcard.service.AccountServiceTest.setUp(AccountServiceTest.java:56)
	at java.base/java.lang.reflect.Method.invoke(Method.java:565)
	at java.base/java.util.ArrayList.forEach(ArrayList.java:1612)
	at java.base/java.util.ArrayList.forEach(ArrayList.java:1612)

com.minerva.creditcard.service.AccountServiceTest.testGetAccountNotFound -- Time elapsed: 0.001 s <<< ERROR!
java.lang.Error: 
Unresolved compilation problem: 
	The constructor AccountService(AccountRepository, CreditLimitAdjustmentRepository, CreditEngine, CardEncryptionUtil) is undefined

	at com.minerva.creditcard.service.AccountServiceTest.setUp(AccountServiceTest.java:56)
	at java.base/java.lang.reflect.Method.invoke(Method.java:565)
	at java.base/java.util.ArrayList.forEach(ArrayList.java:1612)
	at java.base/java.util.ArrayList.forEach(ArrayList.java:1612)

com.minerva.creditcard.service.AccountServiceTest.testCloseAccountWithOutstandingBalance -- Time elapsed: 0.001 s <<< ERROR!
java.lang.Error: 
Unresolved compilation problem: 
	The constructor AccountService(AccountRepository, CreditLimitAdjustmentRepository, CreditEngine, CardEncryptionUtil) is undefined

	at com.minerva.creditcard.service.AccountServiceTest.setUp(AccountServiceTest.java:56)
	at java.base/java.lang.reflect.Method.invoke(Method.java:565)
	at java.base/java.util.ArrayList.forEach(ArrayList.java:1612)
	at java.base/java.util.ArrayList.forEach(ArrayList.java:1612)

com.minerva.creditcard.service.AccountServiceTest.testCloseAccountSuccess -- Time elapsed: 0.001 s <<< ERROR!
java.lang.Error: 
Unresolved compilation problem: 
	The constructor AccountService(AccountRepository, CreditLimitAdjustmentRepository, CreditEngine, CardEncryptionUtil) is undefined

	at com.minerva.creditcard.service.AccountServiceTest.setUp(AccountServiceTest.java:56)
	at java.base/java.lang.reflect.Method.invoke(Method.java:565)
	at java.base/java.util.ArrayList.forEach(ArrayList.java:1612)
	at java.base/java.util.ArrayList.forEach(ArrayList.java:1612)

