<?xml version="1.0" encoding="UTF-8"?>
<testsuite xmlns:xsi="http://www.w3.org/2001/XMLSchema-instance" xsi:noNamespaceSchemaLocation="https://maven.apache.org/surefire/maven-surefire-plugin/xsd/surefire-test-report-3.0.xsd" version="3.0" name="com.minerva.creditcard.service.AccountServiceTest" time="0.657" tests="9" errors="0" skipped="0" failures="0">
  <properties>
[...]
</properties>
  <testcase name="testChangeStatusToFrozen" classname="com.minerva.creditcard.service.AccountServiceTest" time="0.625">
    <system-out><![CDATA[13:16:27.236 [main] INFO com.minerva.creditcard.service.AccountService -- Changing status for account: e1668e04-2571-4b9e-b2fb-cc1bdb598997 to FROZEN, reason: 欺诈嫌疑
13:16:27.242 [main] INFO com.minerva.creditcard.service.AccountService -- Account status changed: e1668e04-2571-4b9e-b2fb-cc1bdb598997 -> FROZEN
]]></system-out>
    <system-err><![CDATA[WARNING: A Java agent has been loaded dynamically (/Users/jmei/.m2/repository/net/bytebuddy/byte-buddy-agent/1.14.13/byte-buddy-agent-1.14.13.jar)
WARNING: If a serviceability tool is in use, please run with -XX:+EnableDynamicAgentLoading to hide this warning
WARNING: If a serviceability tool is not in use, please run with -Djdk.instrument.traceUsage for more information
WARNING: Dynamic loading of agents will be disallowed by default in a future release
]]></system-err>
  </testcase>
  <testcase name="testAdjustLimitPermanent" classname="com.minerva.creditcard.service.AccountServiceTest" time="0.005">
    <system-out><![CDATA[13:16:27.252 [main] INFO com.minerva.creditcard.service.AccountService -- Adjusting limit for account: 9a336467-d7cd-4e63-b397-fd871232d568, type: PERMANENT, newLimit: 60000
13:16:27.252 [main] INFO com.minerva.creditcard.service.AccountService -- Limit adjusted for account: 9a336467-d7cd-4e63-b397-fd871232d568, new available: 53000
]]></system-out>
  </testcase>
  <testcase name="testCreateAccount" classname="com.minerva.creditcard.service.AccountServiceTest" time="0.004">
    <system-out><![CDATA[13:16:27.256 [main] INFO com.minerva.creditcard.service.AccountService -- Creating account for customer: ede9b69e-6e8e-47e6-b66c-2a6b81dc0a0f
13:16:27.256 [main] INFO com.minerva.creditcard.service.AccountService -- Account created: 3c9c6545-b4ab-475b-862d-353c89a96f9b
]]></system-out>
  </testcase>
  <testcase name="testGetAccount" classname="com.minerva.creditcard.service.AccountServiceTest" time="0.002"/>
  <testcase name="testCloseAccountWithFrozenAmount" classname="com.minerva.creditcard.service.AccountServiceTest" time="0.002">
    <system-out><![CDATA[13:16:27.262 [main] INFO com.minerva.creditcard.service.AccountService -- Changing status for account: 469d0c35-5c14-4ed4-8899-571b80b5c675 to CLOSED, reason: 客户申请
]]></system-out>
  </testcase>
  <testcase name="testAdjustLimitTemp" classname="com.minerva.creditcard.service.AccountServiceTest" time="0.003">
    <system-out><![CDATA[13:16:27.265 [main] INFO com.minerva.creditcard.service.AccountService -- Adjusting limit for account: 924c204f-efb6-4576-b112-4d5f48c27910, type: TEMP, newLimit: 20000
13:16:27.265 [main] INFO com.minerva.creditcard.service.AccountService -- Limit adjusted for account: 924c204f-efb6-4576-b112-4d5f48c27910, new available: 53000
]]></system-out>
  </testcase>
  <testcase name="testGetAccountNotFound" classname="com.minerva.creditcard.service.AccountServiceTest" time="0.002"/>
  <testcase name="testCloseAccountWithOutstandingBalance" classname="com.minerva.creditcard.service.AccountServiceTest" time="0.002">
    <system-out><![CDATA[13:16:27.270 [main] INFO com.minerva.creditcard.service.AccountService -- Changing status for account: 9feaaba2-25ea-4cad-8267-98fd5ccfb3a0 to CLOSED, reason: 客户申请
]]></system-out>
  </testcase>
  <testcase name="testCloseAccountSuccess" classname="com.minerva.creditcard.service.AccountServiceTest" time="0.003">
    <system-out><![CDATA[13:16:27.273 [main] INFO com.minerva.creditcard.service.AccountService -- Changing status for account: 48d87b25-3990-4df3-9f6b-35e9558d12d4 to CLOSED, reason: 客户申请
13:16:27.273 [main] INFO com.minerva.creditcard.service.AccountService -- Account status changed: 48d87b25-3990-4df3-9f6b-35e9558d12d4 -> CLOSED
]]></system-out>
  </testcase>
</testsuite>